{"/Users/adamferras/GitHub/node_math/app.js":{"path":"/Users/adamferras/GitHub/node_math/app.js","s":{"1":1,"2":1,"3":1,"4":1,"5":1,"6":1,"7":1,"8":1,"9":1,"10":1,"11":1,"12":1,"13":1,"14":1,"15":1,"16":1,"17":1,"18":1,"19":1,"20":1,"21":1,"22":1,"23":1,"24":1,"25":1,"26":1,"27":1,"28":1,"29":1,"30":1,"31":2,"32":2,"33":2,"34":1,"35":3,"36":3,"37":3,"38":1},"b":{"1":[1,2]},"f":{"1":1,"2":2,"3":3},"fnMap":{"1":{"name":"(anonymous_1)","line":33,"loc":{"start":{"line":33,"column":16},"end":{"line":33,"column":41}}},"2":{"name":"(anonymous_2)","line":40,"loc":{"start":{"line":40,"column":8},"end":{"line":40,"column":33}}},"3":{"name":"(anonymous_3)","line":48,"loc":{"start":{"line":48,"column":8},"end":{"line":48,"column":38}}}},"statementMap":{"1":{"start":{"line":1,"column":0},"end":{"line":1,"column":33}},"2":{"start":{"line":2,"column":0},"end":{"line":2,"column":27}},"3":{"start":{"line":3,"column":0},"end":{"line":3,"column":39}},"4":{"start":{"line":4,"column":0},"end":{"line":4,"column":31}},"5":{"start":{"line":5,"column":0},"end":{"line":5,"column":44}},"6":{"start":{"line":6,"column":0},"end":{"line":6,"column":40}},"7":{"start":{"line":7,"column":0},"end":{"line":7,"column":34}},"8":{"start":{"line":8,"column":0},"end":{"line":8,"column":44}},"9":{"start":{"line":9,"column":0},"end":{"line":9,"column":44}},"10":{"start":{"line":10,"column":0},"end":{"line":10,"column":40}},"11":{"start":{"line":11,"column":0},"end":{"line":11,"column":39}},"12":{"start":{"line":13,"column":0},"end":{"line":13,"column":20}},"13":{"start":{"line":16,"column":0},"end":{"line":16,"column":48}},"14":{"start":{"line":17,"column":0},"end":{"line":17,"column":31}},"15":{"start":{"line":19,"column":0},"end":{"line":19,"column":64}},"16":{"start":{"line":20,"column":0},"end":{"line":20,"column":23}},"17":{"start":{"line":21,"column":0},"end":{"line":21,"column":27}},"18":{"start":{"line":22,"column":0},"end":{"line":22,"column":52}},"19":{"start":{"line":23,"column":0},"end":{"line":23,"column":24}},"20":{"start":{"line":24,"column":0},"end":{"line":24,"column":56}},"21":{"start":{"line":26,"column":0},"end":{"line":26,"column":21}},"22":{"start":{"line":27,"column":0},"end":{"line":27,"column":21}},"23":{"start":{"line":28,"column":0},"end":{"line":28,"column":31}},"24":{"start":{"line":29,"column":0},"end":{"line":29,"column":31}},"25":{"start":{"line":30,"column":0},"end":{"line":30,"column":27}},"26":{"start":{"line":33,"column":0},"end":{"line":37,"column":3}},"27":{"start":{"line":34,"column":2},"end":{"line":34,"column":34}},"28":{"start":{"line":35,"column":2},"end":{"line":35,"column":19}},"29":{"start":{"line":36,"column":2},"end":{"line":36,"column":12}},"30":{"start":{"line":40,"column":0},"end":{"line":44,"column":3}},"31":{"start":{"line":41,"column":2},"end":{"line":41,"column":35}},"32":{"start":{"line":42,"column":2},"end":{"line":42,"column":19}},"33":{"start":{"line":43,"column":2},"end":{"line":43,"column":12}},"34":{"start":{"line":48,"column":0},"end":{"line":56,"column":3}},"35":{"start":{"line":49,"column":2},"end":{"line":49,"column":26}},"36":{"start":{"line":50,"column":2},"end":{"line":50,"column":25}},"37":{"start":{"line":51,"column":2},"end":{"line":55,"column":5}},"38":{"start":{"line":58,"column":0},"end":{"line":58,"column":21}}},"branchMap":{"1":{"line":53,"type":"cond-expr","locations":[{"start":{"line":54,"column":6},"end":{"line":54,"column":8}},{"start":{"line":54,"column":11},"end":{"line":54,"column":14}}]}}},"/Users/adamferras/GitHub/node_math/routes/add.js":{"path":"/Users/adamferras/GitHub/node_math/routes/add.js","s":{"1":1,"2":1,"3":1,"4":6,"5":6,"6":1,"7":1,"8":1,"9":5,"10":5,"11":5,"12":5,"13":5,"14":5,"15":5,"16":1},"b":{},"f":{"1":6,"2":1,"3":5},"fnMap":{"1":{"name":"timeLog","line":5,"loc":{"start":{"line":5,"column":11},"end":{"line":5,"column":44}}},"2":{"name":"(anonymous_2)","line":11,"loc":{"start":{"line":11,"column":16},"end":{"line":11,"column":35}}},"3":{"name":"(anonymous_3)","line":16,"loc":{"start":{"line":16,"column":30},"end":{"line":16,"column":49}}}},"statementMap":{"1":{"start":{"line":1,"column":0},"end":{"line":1,"column":33}},"2":{"start":{"line":2,"column":0},"end":{"line":2,"column":30}},"3":{"start":{"line":5,"column":0},"end":{"line":8,"column":3}},"4":{"start":{"line":6,"column":2},"end":{"line":6,"column":36}},"5":{"start":{"line":7,"column":2},"end":{"line":7,"column":9}},"6":{"start":{"line":11,"column":0},"end":{"line":13,"column":3}},"7":{"start":{"line":12,"column":2},"end":{"line":12,"column":18}},"8":{"start":{"line":16,"column":0},"end":{"line":24,"column":3}},"9":{"start":{"line":17,"column":2},"end":{"line":17,"column":31}},"10":{"start":{"line":18,"column":2},"end":{"line":18,"column":33}},"11":{"start":{"line":19,"column":2},"end":{"line":19,"column":45}},"12":{"start":{"line":20,"column":2},"end":{"line":20,"column":57}},"13":{"start":{"line":21,"column":2},"end":{"line":21,"column":35}},"14":{"start":{"line":22,"column":2},"end":{"line":22,"column":31}},"15":{"start":{"line":23,"column":2},"end":{"line":23,"column":12}},"16":{"start":{"line":26,"column":0},"end":{"line":26,"column":24}}},"branchMap":{}},"/Users/adamferras/GitHub/node_math/routes/subtract.js":{"path":"/Users/adamferras/GitHub/node_math/routes/subtract.js","s":{"1":1,"2":1,"3":1,"4":6,"5":6,"6":1,"7":1,"8":1,"9":5,"10":5,"11":5,"12":5,"13":5,"14":5,"15":5,"16":1},"b":{},"f":{"1":6,"2":1,"3":5},"fnMap":{"1":{"name":"timeLog","line":5,"loc":{"start":{"line":5,"column":11},"end":{"line":5,"column":44}}},"2":{"name":"(anonymous_2)","line":11,"loc":{"start":{"line":11,"column":16},"end":{"line":11,"column":35}}},"3":{"name":"(anonymous_3)","line":16,"loc":{"start":{"line":16,"column":30},"end":{"line":16,"column":49}}}},"statementMap":{"1":{"start":{"line":1,"column":0},"end":{"line":1,"column":33}},"2":{"start":{"line":2,"column":0},"end":{"line":2,"column":30}},"3":{"start":{"line":5,"column":0},"end":{"line":8,"column":3}},"4":{"start":{"line":6,"column":2},"end":{"line":6,"column":36}},"5":{"start":{"line":7,"column":2},"end":{"line":7,"column":9}},"6":{"start":{"line":11,"column":0},"end":{"line":13,"column":3}},"7":{"start":{"line":12,"column":2},"end":{"line":12,"column":23}},"8":{"start":{"line":16,"column":0},"end":{"line":24,"column":3}},"9":{"start":{"line":17,"column":2},"end":{"line":17,"column":31}},"10":{"start":{"line":18,"column":2},"end":{"line":18,"column":33}},"11":{"start":{"line":19,"column":2},"end":{"line":19,"column":45}},"12":{"start":{"line":20,"column":2},"end":{"line":20,"column":57}},"13":{"start":{"line":21,"column":2},"end":{"line":21,"column":35}},"14":{"start":{"line":22,"column":2},"end":{"line":22,"column":31}},"15":{"start":{"line":23,"column":2},"end":{"line":23,"column":12}},"16":{"start":{"line":26,"column":0},"end":{"line":26,"column":24}}},"branchMap":{}},"/Users/adamferras/GitHub/node_math/routes/multiply.js":{"path":"/Users/adamferras/GitHub/node_math/routes/multiply.js","s":{"1":1,"2":1,"3":1,"4":6,"5":6,"6":1,"7":1,"8":1,"9":5,"10":5,"11":5,"12":5,"13":5,"14":5,"15":5,"16":1},"b":{},"f":{"1":6,"2":1,"3":5},"fnMap":{"1":{"name":"timeLog","line":5,"loc":{"start":{"line":5,"column":11},"end":{"line":5,"column":44}}},"2":{"name":"(anonymous_2)","line":11,"loc":{"start":{"line":11,"column":16},"end":{"line":11,"column":35}}},"3":{"name":"(anonymous_3)","line":16,"loc":{"start":{"line":16,"column":30},"end":{"line":16,"column":49}}}},"statementMap":{"1":{"start":{"line":1,"column":0},"end":{"line":1,"column":33}},"2":{"start":{"line":2,"column":0},"end":{"line":2,"column":30}},"3":{"start":{"line":5,"column":0},"end":{"line":8,"column":3}},"4":{"start":{"line":6,"column":2},"end":{"line":6,"column":36}},"5":{"start":{"line":7,"column":2},"end":{"line":7,"column":9}},"6":{"start":{"line":11,"column":0},"end":{"line":13,"column":3}},"7":{"start":{"line":12,"column":2},"end":{"line":12,"column":23}},"8":{"start":{"line":16,"column":0},"end":{"line":24,"column":3}},"9":{"start":{"line":17,"column":2},"end":{"line":17,"column":31}},"10":{"start":{"line":18,"column":2},"end":{"line":18,"column":33}},"11":{"start":{"line":19,"column":2},"end":{"line":19,"column":45}},"12":{"start":{"line":20,"column":2},"end":{"line":20,"column":57}},"13":{"start":{"line":21,"column":2},"end":{"line":21,"column":35}},"14":{"start":{"line":22,"column":2},"end":{"line":22,"column":31}},"15":{"start":{"line":23,"column":2},"end":{"line":23,"column":12}},"16":{"start":{"line":26,"column":0},"end":{"line":26,"column":24}}},"branchMap":{}},"/Users/adamferras/GitHub/node_math/routes/divide.js":{"path":"/Users/adamferras/GitHub/node_math/routes/divide.js","s":{"1":1,"2":1,"3":1,"4":7,"5":7,"6":1,"7":1,"8":1,"9":6,"10":6,"11":6,"12":6,"13":6,"14":6,"15":6,"16":1},"b":{},"f":{"1":7,"2":1,"3":6},"fnMap":{"1":{"name":"timeLog","line":5,"loc":{"start":{"line":5,"column":11},"end":{"line":5,"column":44}}},"2":{"name":"(anonymous_2)","line":11,"loc":{"start":{"line":11,"column":16},"end":{"line":11,"column":35}}},"3":{"name":"(anonymous_3)","line":16,"loc":{"start":{"line":16,"column":30},"end":{"line":16,"column":49}}}},"statementMap":{"1":{"start":{"line":1,"column":0},"end":{"line":1,"column":33}},"2":{"start":{"line":2,"column":0},"end":{"line":2,"column":30}},"3":{"start":{"line":5,"column":0},"end":{"line":8,"column":3}},"4":{"start":{"line":6,"column":2},"end":{"line":6,"column":36}},"5":{"start":{"line":7,"column":2},"end":{"line":7,"column":9}},"6":{"start":{"line":11,"column":0},"end":{"line":13,"column":3}},"7":{"start":{"line":12,"column":2},"end":{"line":12,"column":21}},"8":{"start":{"line":16,"column":0},"end":{"line":24,"column":3}},"9":{"start":{"line":17,"column":2},"end":{"line":17,"column":31}},"10":{"start":{"line":18,"column":2},"end":{"line":18,"column":33}},"11":{"start":{"line":19,"column":2},"end":{"line":19,"column":45}},"12":{"start":{"line":20,"column":2},"end":{"line":20,"column":57}},"13":{"start":{"line":21,"column":2},"end":{"line":21,"column":35}},"14":{"start":{"line":22,"column":2},"end":{"line":22,"column":31}},"15":{"start":{"line":23,"column":2},"end":{"line":23,"column":12}},"16":{"start":{"line":26,"column":0},"end":{"line":26,"column":24}}},"branchMap":{}},"/Users/adamferras/GitHub/node_math/routes/index.js":{"path":"/Users/adamferras/GitHub/node_math/routes/index.js","s":{"1":1,"2":1,"3":1,"4":1,"5":1},"b":{},"f":{"1":1},"fnMap":{"1":{"name":"(anonymous_1)","line":5,"loc":{"start":{"line":5,"column":16},"end":{"line":5,"column":41}}}},"statementMap":{"1":{"start":{"line":1,"column":0},"end":{"line":1,"column":33}},"2":{"start":{"line":2,"column":0},"end":{"line":2,"column":30}},"3":{"start":{"line":5,"column":0},"end":{"line":7,"column":3}},"4":{"start":{"line":6,"column":2},"end":{"line":6,"column":41}},"5":{"start":{"line":9,"column":0},"end":{"line":9,"column":24}}},"branchMap":{}}}