TN:
SF:/Users/adamferras/GitHub/node_math/app.js
FN:33,(anonymous_1)
FN:40,(anonymous_2)
FN:48,(anonymous_3)
FNF:3
FNH:3
FNDA:1,(anonymous_1)
FNDA:2,(anonymous_2)
FNDA:3,(anonymous_3)
DA:1,1
DA:2,1
DA:3,1
DA:4,1
DA:5,1
DA:6,1
DA:7,1
DA:8,1
DA:9,1
DA:10,1
DA:11,1
DA:13,1
DA:16,1
DA:17,1
DA:19,1
DA:20,1
DA:21,1
DA:22,1
DA:23,1
DA:24,1
DA:26,1
DA:27,1
DA:28,1
DA:29,1
DA:30,1
DA:33,1
DA:34,1
DA:35,1
DA:36,1
DA:40,1
DA:41,2
DA:42,2
DA:43,2
DA:48,1
DA:49,3
DA:50,3
DA:51,3
DA:58,1
LF:38
LH:38
BRDA:53,1,0,1
BRDA:53,1,1,2
BRF:2
BRH:2
end_of_record
TN:
SF:/Users/adamferras/GitHub/node_math/routes/add.js
FN:5,timeLog
FN:11,(anonymous_2)
FN:16,(anonymous_3)
FNF:3
FNH:3
FNDA:6,timeLog
FNDA:1,(anonymous_2)
FNDA:5,(anonymous_3)
DA:1,1
DA:2,1
DA:5,1
DA:6,6
DA:7,6
DA:11,1
DA:12,1
DA:16,1
DA:17,5
DA:18,5
DA:19,5
DA:20,5
DA:21,5
DA:22,5
DA:23,5
DA:26,1
LF:16
LH:16
BRF:0
BRH:0
end_of_record
TN:
SF:/Users/adamferras/GitHub/node_math/routes/subtract.js
FN:5,timeLog
FN:11,(anonymous_2)
FN:16,(anonymous_3)
FNF:3
FNH:3
FNDA:6,timeLog
FNDA:1,(anonymous_2)
FNDA:5,(anonymous_3)
DA:1,1
DA:2,1
DA:5,1
DA:6,6
DA:7,6
DA:11,1
DA:12,1
DA:16,1
DA:17,5
DA:18,5
DA:19,5
DA:20,5
DA:21,5
DA:22,5
DA:23,5
DA:26,1
LF:16
LH:16
BRF:0
BRH:0
end_of_record
TN:
SF:/Users/adamferras/GitHub/node_math/routes/multiply.js
FN:5,timeLog
FN:11,(anonymous_2)
FN:16,(anonymous_3)
FNF:3
FNH:3
FNDA:6,timeLog
FNDA:1,(anonymous_2)
FNDA:5,(anonymous_3)
DA:1,1
DA:2,1
DA:5,1
DA:6,6
DA:7,6
DA:11,1
DA:12,1
DA:16,1
DA:17,5
DA:18,5
DA:19,5
DA:20,5
DA:21,5
DA:22,5
DA:23,5
DA:26,1
LF:16
LH:16
BRF:0
BRH:0
end_of_record
TN:
SF:/Users/adamferras/GitHub/node_math/routes/divide.js
FN:5,timeLog
FN:11,(anonymous_2)
FN:16,(anonymous_3)
FNF:3
FNH:3
FNDA:7,timeLog
FNDA:1,(anonymous_2)
FNDA:6,(anonymous_3)
DA:1,1
DA:2,1
DA:5,1
DA:6,7
DA:7,7
DA:11,1
DA:12,1
DA:16,1
DA:17,6
DA:18,6
DA:19,6
DA:20,6
DA:21,6
DA:22,6
DA:23,6
DA:26,1
LF:16
LH:16
BRF:0
BRH:0
end_of_record
TN:
SF:/Users/adamferras/GitHub/node_math/routes/index.js
FN:5,(anonymous_1)
FNF:1
FNH:1
FNDA:1,(anonymous_1)
DA:1,1
DA:2,1
DA:5,1
DA:6,1
DA:9,1
LF:5
LH:5
BRF:0
BRH:0
end_of_record
